<?xml version="1.0" encoding="UTF-8"?>
<!-- Generated by org.testng.reporters.JUnitReportReporter -->
<testsuite hostname="DESKTOP-B6NN9JJ" failures="0" tests="1" name="group5.Selenium.Salesforce.WorkType.TC004_DeleteWorkType" time="22.689" errors="0" timestamp="2023-09-01T00:19:43 IST" skipped="0">
  <testcase classname="group5.Selenium.Salesforce.WorkType.TC004_DeleteWorkType" name="tc004_DeleteWorkType" time="22.689"/>
</testsuite> <!-- group5.Selenium.Salesforce.WorkType.TC004_DeleteWorkType -->
