<?xml version="1.0" encoding="UTF-8"?>
<!-- Generated by org.testng.reporters.JUnitReportReporter -->
<testsuite hostname="LAPTOP-H8NLAOCC" failures="0" tests="1" name="group5.Selenium.Salesforce.WorkTypeGroup.TC004" time="17.848" errors="0" timestamp="2023-09-01T16:46:26 IST" skipped="0">
  <testcase classname="group5.Selenium.Salesforce.WorkTypeGroup.TC004" name="CreateWork_Validate_Inline_Error" time="17.848"/>
</testsuite> <!-- group5.Selenium.Salesforce.WorkTypeGroup.TC004 -->
