<?xml version="1.0" encoding="UTF-8"?>
<!-- Generated by org.testng.reporters.JUnitReportReporter -->
<testsuite hostname="LAPTOP-H8NLAOCC" failures="0" tests="1" name="group5.Selenium.Salesforce.WorkTypeGroup.TC002" time="20.514" errors="0" timestamp="2023-09-01T16:42:01 IST" skipped="0">
  <testcase classname="group5.Selenium.Salesforce.WorkTypeGroup.TC002" name="CreateWork_Type_Group" time="20.514"/>
</testsuite> <!-- group5.Selenium.Salesforce.WorkTypeGroup.TC002 -->
